Events
------
18

Max Values
----------
3 3 3 3 3 3 3 3 3 3 20 20 20 20 20 40 40 40

Weights
-------
1 1 1 1 1 1 1 1 1 1 5 5 10 10 10 10 15 25

Statistics
----------
Size = 169

Max  = 99.25%
Mean = 77.61%
Min  =  9.75%

As = 32 27.81%
Bs = 44 28.40%
Cs = 52 22.49%
Ds = 26 11.83%
Fs = 15  9.47%

GPA = 2.96

ID    Unique  TA       Scores                                               Total  Z    G
----- ------  -------- ---------------------------------------------------- ------ ---- -
C6517  51010  Kumar    3  3  3  3  3  3  3  3  3  3 20 20 20 20 20 39 39 40 99.25% 1.28 A
W7663  51010  Kumar    3  3  3  3  3  3  3  3  3  3 20 20 20 20 20 35 40 40 99.25% 1.12 A
R7806  51015  Mao      3  3  3  3  3  3  3  3  3  3 20 20 20 20 20 37 39 39 98.50% 0.93 A
M6550  51000  Oursland 2  3  3  3  2  3  3  3  3  1 20 20 11 18 18 27 27 35 81.25% 0.72 B
B6982  51035  Kumar    3  3  3  3  3  3  3  2  3  3 14 10  5 15 20 36 34 32 81.00% 0.25 B
...

...

...
