g++ -ansi -pedantic -I/public/linux/include/boost-1_38 -Wall RunCollatz.c++ -o RunCollatz.c++.app
/usr/bin/valgrind RunCollatz.c++.app < RunCollatz.in
==6245== Memcheck, a memory error detector
==6245== Copyright (C) 2002-2009, and GNU GPL'd, by Julian Seward et al.
==6245== Using Valgrind-3.6.0.SVN-Debian and LibVEX; rerun with -h for copyright info
==6245== Command: RunCollatz.c++.app
==6245==
1 10 1
100 200 1
201 210 1
900 1000 1
==6245==
==6245== HEAP SUMMARY:
==6245==     in use at exit: 122,880 bytes in 6 blocks
==6245==   total heap usage: 6 allocs, 0 frees, 122,880 bytes allocated
==6245==
==6245== LEAK SUMMARY:
==6245==    definitely lost: 0 bytes in 0 blocks
==6245==    indirectly lost: 0 bytes in 0 blocks
==6245==      possibly lost: 0 bytes in 0 blocks
==6245==    still reachable: 122,880 bytes in 6 blocks
==6245==         suppressed: 0 bytes in 0 blocks
==6245== Rerun with --leak-check=full to see details of leaked memory
==6245==
==6245== For counts of detected and suppressed errors, rerun with: -v
==6245== ERROR SUMMARY: 0 errors from 0 contexts (suppressed: 4 from 4)
